<?xml version="1.0" encoding="UTF-8"?>
<!-- Generated by org.testng.reporters.JUnitXMLReporter -->
<testsuite hostname="ITUs-MacBook-Pro-5.local" name="Full Regression Chrome" tests="20" failures="0" timestamp="5 Feb 2015 21:23:30 GMT" time="146.034" errors="0">
  <testcase name="UI_InterviewsPage" time="0.552" classname="edu.itu.bridge.tests.ui.candidate.UI_CandidatePageTest"/>
  <testcase name="UI_VerifyElementsOnSkillsPages" time="41.868" classname="edu.itu.bridge.tests.ui.candidate.UI_CandidatePageTest"/>
  <testcase name="UI_VerifyEmelentsOnEducationPage" time="1.926" classname="edu.itu.bridge.tests.ui.candidate.UI_CandidatePageTest"/>
  <testcase name="ui_EditProfileInfoTest" time="2.095" classname="edu.itu.bridge.tests.ui.candidate.UI_CandidatePageTest"/>
  <testcase name="ui_ManagePositions" time="2.929" classname="edu.itu.bridge.tests.ui.candidate.UI_CandidatePageTest"/>
  <testcase name="ui_VerifySupportTicketWindowElementsSignedInTest" time="2.682" classname="edu.itu.bridge.tests.ui.candidate.UI_CandidatePageTest"/>
  <testcase name="ui_candidatePageUITest" time="2.408" classname="edu.itu.bridge.tests.ui.candidate.UI_CandidatePageTest"/>
  <testcase name="UI_StaffCompaniesPage" time="2.214" classname="edu.itu.bridge.tests.ui.staff.UI_NewStaffViewPage"/>
  <testcase name="UI_StaffHomePage" time="3.839" classname="edu.itu.bridge.tests.ui.staff.UI_NewStaffViewPage"/>
  <testcase name="UI_StaffJobsPage" time="3.452" classname="edu.itu.bridge.tests.ui.staff.UI_NewStaffViewPage"/>
  <testcase name="UI_StaffSkillsPage" time="1.028" classname="edu.itu.bridge.tests.ui.staff.UI_NewStaffViewPage"/>
  <testcase name="UI_StaffUsersPage" time="1.759" classname="edu.itu.bridge.tests.ui.staff.UI_NewStaffViewPage"/>
  <testcase name="ui_CreateSupportTicketNotSignedIn" time="3.919" classname="edu.itu.bridge.tests.ui.title.UIandLinksTitlePageTest"/>
  <testcase name="ui_forgotPasswordFromFooterPageTest" time="1.232" classname="edu.itu.bridge.tests.ui.title.UIandLinksTitlePageTest"/>
  <testcase name="ui_forgotPasswordFromHeaderPageTest" time="0.952" classname="edu.itu.bridge.tests.ui.title.UIandLinksTitlePageTest"/>
  <testcase name="ui_privacyPolicyTest" time="6.278" classname="edu.itu.bridge.tests.ui.title.UIandLinksTitlePageTest"/>
  <testcase name="ui_termsOfServiceTest" time="2.348" classname="edu.itu.bridge.tests.ui.title.UIandLinksTitlePageTest"/>
  <testcase name="ui_titlePageSignInFooterUIonly" time="0.719" classname="edu.itu.bridge.tests.ui.title.UIandLinksTitlePageTest"/>
  <testcase name="ui_titlePageSignInHeaderUIonly" time="0.587" classname="edu.itu.bridge.tests.ui.title.UIandLinksTitlePageTest"/>
  <testcase name="ui_titlePageTest" time="1.571" classname="edu.itu.bridge.tests.ui.title.UIandLinksTitlePageTest"/>
</testsuite> <!-- Full Regression Chrome -->
