<?xml version="1.0" encoding="UTF-8"?>
<!-- Generated by org.testng.reporters.JUnitXMLReporter -->
<testsuite hostname="ReUnited-PC" name="Default test" tests="10" failures="0" timestamp="3 Jul 2015 00:18:51 GMT" time="38.374" errors="0">
  <testcase name="f_logInCandidateFooterFunctionalPositiveTest" time="3.611" classname="edu.itu.bridge.tests.functional.title.F_LoginTest"/>
  <testcase name="f_logInCandidateTopFunctionalPositiveTest" time="2.738" classname="edu.itu.bridge.tests.functional.title.F_LoginTest"/>
  <testcase name="f_logInCompanyFooterFunctionalPositiveTest" time="4.878" classname="edu.itu.bridge.tests.functional.title.F_LoginTest"/>
  <testcase name="f_logInCompanyTopFunctionalPositiveTest" time="5.105" classname="edu.itu.bridge.tests.functional.title.F_LoginTest"/>
  <testcase name="f_logInStaffFunctionalPositiveTest" time="4.387" classname="edu.itu.bridge.tests.functional.title.F_LoginTest"/>
  <testcase name="f_logInStaffTopFunctionalPositiveTest" time="4.071" classname="edu.itu.bridge.tests.functional.title.F_LoginTest"/>
  <testcase name="f_loginFooterFunctionalInvalidEmailTest" time="0.867" classname="edu.itu.bridge.tests.functional.title.F_LoginTest"/>
  <testcase name="f_loginFooterFunctionalInvalidPasswordTest" time="0.844" classname="edu.itu.bridge.tests.functional.title.F_LoginTest"/>
  <testcase name="f_loginTopFunctionalInvalidEmailTest" time="0.852" classname="edu.itu.bridge.tests.functional.title.F_LoginTest"/>
  <testcase name="f_loginTopFunctionalInvalidPasswordTest" time="0.881" classname="edu.itu.bridge.tests.functional.title.F_LoginTest"/>
</testsuite> <!-- Default test -->
