<?xml version="1.0" encoding="UTF-8"?>
<testng-results skipped="0" failed="0" total="20" passed="20">
  <reporter-output>
  </reporter-output>
  <suite name="Bridge Regression Automation Suite" duration-ms="146034" started-at="2015-02-05T21:21:04Z" finished-at="2015-02-05T21:23:30Z">
    <groups>
    </groups>
    <test name="Full Regression Chrome" duration-ms="146034" started-at="2015-02-05T21:21:04Z" finished-at="2015-02-05T21:23:30Z">
      <class name="edu.itu.bridge.tests.ui.title.UIandLinksTitlePageTest">
        <test-method status="PASS" signature="beforeClass(org.testng.ITestContext, java.lang.String, java.lang.String, java.lang.String, boolean)[pri:0, instance:edu.itu.bridge.tests.ui.title.UIandLinksTitlePageTest@1264ab4d]" name="beforeClass" is-config="true" duration-ms="3196" started-at="2015-02-05T13:23:06Z" finished-at="2015-02-05T13:23:09Z">
          <params>
            <param index="0">
              <value>
                <![CDATA[org.testng.TestRunner@6158dd66]]>
              </value>
            </param>
            <param index="1">
              <value>
                <![CDATA[http://216.38.137.42:4444/wd/hub]]>
              </value>
            </param>
            <param index="2">
              <value>
                <![CDATA[chrome]]>
              </value>
            </param>
            <param index="3">
              <value>
                <![CDATA[http://qa.bridge.itu.edu/]]>
              </value>
            </param>
            <param index="4">
              <value>
                <![CDATA[true]]>
              </value>
            </param>
          </params>
          <reporter-output>
          </reporter-output>
        </test-method> <!-- beforeClass -->
        <test-method status="PASS" signature="beforeMethod()[pri:0, instance:edu.itu.bridge.tests.ui.title.UIandLinksTitlePageTest@1264ab4d]" name="beforeMethod" is-config="true" duration-ms="369" started-at="2015-02-05T13:23:09Z" finished-at="2015-02-05T13:23:10Z">
          <reporter-output>
          </reporter-output>
        </test-method> <!-- beforeMethod -->
        <test-method status="PASS" signature="ui_CreateSupportTicketNotSignedIn()[pri:0, instance:edu.itu.bridge.tests.ui.title.UIandLinksTitlePageTest@1264ab4d]" name="ui_CreateSupportTicketNotSignedIn" duration-ms="3919" started-at="2015-02-05T13:23:10Z" finished-at="2015-02-05T13:23:14Z">
          <reporter-output>
          </reporter-output>
        </test-method> <!-- ui_CreateSupportTicketNotSignedIn -->
        <test-method status="PASS" signature="afterMethod()[pri:0, instance:edu.itu.bridge.tests.ui.title.UIandLinksTitlePageTest@1264ab4d]" name="afterMethod" is-config="true" duration-ms="0" started-at="2015-02-05T13:23:14Z" finished-at="2015-02-05T13:23:14Z">
          <reporter-output>
          </reporter-output>
        </test-method> <!-- afterMethod -->
        <test-method status="PASS" signature="beforeMethod()[pri:0, instance:edu.itu.bridge.tests.ui.title.UIandLinksTitlePageTest@1264ab4d]" name="beforeMethod" is-config="true" duration-ms="347" started-at="2015-02-05T13:23:14Z" finished-at="2015-02-05T13:23:14Z">
          <reporter-output>
          </reporter-output>
        </test-method> <!-- beforeMethod -->
        <test-method status="PASS" signature="ui_forgotPasswordFromFooterPageTest()[pri:0, instance:edu.itu.bridge.tests.ui.title.UIandLinksTitlePageTest@1264ab4d]" name="ui_forgotPasswordFromFooterPageTest" duration-ms="1232" started-at="2015-02-05T13:23:14Z" finished-at="2015-02-05T13:23:15Z">
          <reporter-output>
          </reporter-output>
        </test-method> <!-- ui_forgotPasswordFromFooterPageTest -->
        <test-method status="PASS" signature="beforeMethod()[pri:0, instance:edu.itu.bridge.tests.ui.title.UIandLinksTitlePageTest@1264ab4d]" name="beforeMethod" is-config="true" duration-ms="352" started-at="2015-02-05T13:23:15Z" finished-at="2015-02-05T13:23:16Z">
          <reporter-output>
          </reporter-output>
        </test-method> <!-- beforeMethod -->
        <test-method status="PASS" signature="afterMethod()[pri:0, instance:edu.itu.bridge.tests.ui.title.UIandLinksTitlePageTest@1264ab4d]" name="afterMethod" is-config="true" duration-ms="0" started-at="2015-02-05T13:23:15Z" finished-at="2015-02-05T13:23:15Z">
          <reporter-output>
          </reporter-output>
        </test-method> <!-- afterMethod -->
        <test-method status="PASS" signature="ui_forgotPasswordFromHeaderPageTest()[pri:0, instance:edu.itu.bridge.tests.ui.title.UIandLinksTitlePageTest@1264ab4d]" name="ui_forgotPasswordFromHeaderPageTest" duration-ms="952" started-at="2015-02-05T13:23:16Z" finished-at="2015-02-05T13:23:16Z">
          <reporter-output>
          </reporter-output>
        </test-method> <!-- ui_forgotPasswordFromHeaderPageTest -->
        <test-method status="PASS" signature="afterMethod()[pri:0, instance:edu.itu.bridge.tests.ui.title.UIandLinksTitlePageTest@1264ab4d]" name="afterMethod" is-config="true" duration-ms="0" started-at="2015-02-05T13:23:16Z" finished-at="2015-02-05T13:23:16Z">
          <reporter-output>
          </reporter-output>
        </test-method> <!-- afterMethod -->
        <test-method status="PASS" signature="beforeMethod()[pri:0, instance:edu.itu.bridge.tests.ui.title.UIandLinksTitlePageTest@1264ab4d]" name="beforeMethod" is-config="true" duration-ms="346" started-at="2015-02-05T13:23:16Z" finished-at="2015-02-05T13:23:17Z">
          <reporter-output>
          </reporter-output>
        </test-method> <!-- beforeMethod -->
        <test-method status="PASS" signature="ui_privacyPolicyTest()[pri:0, instance:edu.itu.bridge.tests.ui.title.UIandLinksTitlePageTest@1264ab4d]" name="ui_privacyPolicyTest" duration-ms="6278" started-at="2015-02-05T13:23:17Z" finished-at="2015-02-05T13:23:23Z">
          <reporter-output>
          </reporter-output>
        </test-method> <!-- ui_privacyPolicyTest -->
        <test-method status="PASS" signature="beforeMethod()[pri:0, instance:edu.itu.bridge.tests.ui.title.UIandLinksTitlePageTest@1264ab4d]" name="beforeMethod" is-config="true" duration-ms="292" started-at="2015-02-05T13:23:23Z" finished-at="2015-02-05T13:23:23Z">
          <reporter-output>
          </reporter-output>
        </test-method> <!-- beforeMethod -->
        <test-method status="PASS" signature="afterMethod()[pri:0, instance:edu.itu.bridge.tests.ui.title.UIandLinksTitlePageTest@1264ab4d]" name="afterMethod" is-config="true" duration-ms="0" started-at="2015-02-05T13:23:23Z" finished-at="2015-02-05T13:23:23Z">
          <reporter-output>
          </reporter-output>
        </test-method> <!-- afterMethod -->
        <test-method status="PASS" signature="ui_termsOfServiceTest()[pri:0, instance:edu.itu.bridge.tests.ui.title.UIandLinksTitlePageTest@1264ab4d]" name="ui_termsOfServiceTest" duration-ms="2348" started-at="2015-02-05T13:23:23Z" finished-at="2015-02-05T13:23:26Z">
          <reporter-output>
          </reporter-output>
        </test-method> <!-- ui_termsOfServiceTest -->
        <test-method status="PASS" signature="afterMethod()[pri:0, instance:edu.itu.bridge.tests.ui.title.UIandLinksTitlePageTest@1264ab4d]" name="afterMethod" is-config="true" duration-ms="0" started-at="2015-02-05T13:23:26Z" finished-at="2015-02-05T13:23:26Z">
          <reporter-output>
          </reporter-output>
        </test-method> <!-- afterMethod -->
        <test-method status="PASS" signature="beforeMethod()[pri:0, instance:edu.itu.bridge.tests.ui.title.UIandLinksTitlePageTest@1264ab4d]" name="beforeMethod" is-config="true" duration-ms="267" started-at="2015-02-05T13:23:26Z" finished-at="2015-02-05T13:23:26Z">
          <reporter-output>
          </reporter-output>
        </test-method> <!-- beforeMethod -->
        <test-method status="PASS" signature="ui_titlePageSignInFooterUIonly()[pri:0, instance:edu.itu.bridge.tests.ui.title.UIandLinksTitlePageTest@1264ab4d]" name="ui_titlePageSignInFooterUIonly" duration-ms="719" started-at="2015-02-05T13:23:26Z" finished-at="2015-02-05T13:23:27Z">
          <reporter-output>
          </reporter-output>
        </test-method> <!-- ui_titlePageSignInFooterUIonly -->
        <test-method status="PASS" signature="afterMethod()[pri:0, instance:edu.itu.bridge.tests.ui.title.UIandLinksTitlePageTest@1264ab4d]" name="afterMethod" is-config="true" duration-ms="0" started-at="2015-02-05T13:23:27Z" finished-at="2015-02-05T13:23:27Z">
          <reporter-output>
          </reporter-output>
        </test-method> <!-- afterMethod -->
        <test-method status="PASS" signature="beforeMethod()[pri:0, instance:edu.itu.bridge.tests.ui.title.UIandLinksTitlePageTest@1264ab4d]" name="beforeMethod" is-config="true" duration-ms="282" started-at="2015-02-05T13:23:27Z" finished-at="2015-02-05T13:23:27Z">
          <reporter-output>
          </reporter-output>
        </test-method> <!-- beforeMethod -->
        <test-method status="PASS" signature="ui_titlePageSignInHeaderUIonly()[pri:0, instance:edu.itu.bridge.tests.ui.title.UIandLinksTitlePageTest@1264ab4d]" name="ui_titlePageSignInHeaderUIonly" duration-ms="587" started-at="2015-02-05T13:23:27Z" finished-at="2015-02-05T13:23:28Z">
          <reporter-output>
          </reporter-output>
        </test-method> <!-- ui_titlePageSignInHeaderUIonly -->
        <test-method status="PASS" signature="afterMethod()[pri:0, instance:edu.itu.bridge.tests.ui.title.UIandLinksTitlePageTest@1264ab4d]" name="afterMethod" is-config="true" duration-ms="0" started-at="2015-02-05T13:23:28Z" finished-at="2015-02-05T13:23:28Z">
          <reporter-output>
          </reporter-output>
        </test-method> <!-- afterMethod -->
        <test-method status="PASS" signature="beforeMethod()[pri:0, instance:edu.itu.bridge.tests.ui.title.UIandLinksTitlePageTest@1264ab4d]" name="beforeMethod" is-config="true" duration-ms="360" started-at="2015-02-05T13:23:28Z" finished-at="2015-02-05T13:23:28Z">
          <reporter-output>
          </reporter-output>
        </test-method> <!-- beforeMethod -->
        <test-method status="PASS" signature="ui_titlePageTest()[pri:0, instance:edu.itu.bridge.tests.ui.title.UIandLinksTitlePageTest@1264ab4d]" name="ui_titlePageTest" duration-ms="1571" started-at="2015-02-05T13:23:28Z" finished-at="2015-02-05T13:23:30Z">
          <reporter-output>
          </reporter-output>
        </test-method> <!-- ui_titlePageTest -->
        <test-method status="PASS" signature="afterClass()[pri:0, instance:edu.itu.bridge.tests.ui.title.UIandLinksTitlePageTest@1264ab4d]" name="afterClass" is-config="true" duration-ms="675" started-at="2015-02-05T13:23:30Z" finished-at="2015-02-05T13:23:30Z">
          <reporter-output>
          </reporter-output>
        </test-method> <!-- afterClass -->
        <test-method status="PASS" signature="afterMethod()[pri:0, instance:edu.itu.bridge.tests.ui.title.UIandLinksTitlePageTest@1264ab4d]" name="afterMethod" is-config="true" duration-ms="0" started-at="2015-02-05T13:23:30Z" finished-at="2015-02-05T13:23:30Z">
          <reporter-output>
          </reporter-output>
        </test-method> <!-- afterMethod -->
      </class> <!-- edu.itu.bridge.tests.ui.title.UIandLinksTitlePageTest -->
      <class name="edu.itu.bridge.tests.ui.staff.UI_NewStaffViewPage">
        <test-method status="PASS" signature="beforeClass(org.testng.ITestContext, java.lang.String, java.lang.String, java.lang.String, boolean)[pri:0, instance:edu.itu.bridge.tests.ui.staff.UI_NewStaffViewPage@4839e5b5]" name="beforeClass" is-config="true" duration-ms="3067" started-at="2015-02-05T13:22:20Z" finished-at="2015-02-05T13:22:23Z">
          <params>
            <param index="0">
              <value>
                <![CDATA[org.testng.TestRunner@6158dd66]]>
              </value>
            </param>
            <param index="1">
              <value>
                <![CDATA[http://216.38.137.42:4444/wd/hub]]>
              </value>
            </param>
            <param index="2">
              <value>
                <![CDATA[chrome]]>
              </value>
            </param>
            <param index="3">
              <value>
                <![CDATA[http://qa.bridge.itu.edu/]]>
              </value>
            </param>
            <param index="4">
              <value>
                <![CDATA[true]]>
              </value>
            </param>
          </params>
          <reporter-output>
          </reporter-output>
        </test-method> <!-- beforeClass -->
        <test-method status="PASS" signature="beforeMethod()[pri:0, instance:edu.itu.bridge.tests.ui.staff.UI_NewStaffViewPage@4839e5b5]" name="beforeMethod" is-config="true" duration-ms="2539" started-at="2015-02-05T13:22:23Z" finished-at="2015-02-05T13:22:25Z">
          <reporter-output>
          </reporter-output>
        </test-method> <!-- beforeMethod -->
        <test-method status="PASS" signature="UI_StaffCompaniesPage()[pri:0, instance:edu.itu.bridge.tests.ui.staff.UI_NewStaffViewPage@4839e5b5]" name="UI_StaffCompaniesPage" duration-ms="2214" started-at="2015-02-05T13:22:25Z" finished-at="2015-02-05T13:22:28Z">
          <reporter-output>
          </reporter-output>
        </test-method> <!-- UI_StaffCompaniesPage -->
        <test-method status="PASS" signature="afterMethod()[pri:0, instance:edu.itu.bridge.tests.ui.staff.UI_NewStaffViewPage@4839e5b5]" name="afterMethod" is-config="true" duration-ms="712" started-at="2015-02-05T13:22:28Z" finished-at="2015-02-05T13:22:28Z">
          <reporter-output>
          </reporter-output>
        </test-method> <!-- afterMethod -->
        <test-method status="PASS" signature="beforeMethod()[pri:0, instance:edu.itu.bridge.tests.ui.staff.UI_NewStaffViewPage@4839e5b5]" name="beforeMethod" is-config="true" duration-ms="1775" started-at="2015-02-05T13:22:28Z" finished-at="2015-02-05T13:22:30Z">
          <reporter-output>
          </reporter-output>
        </test-method> <!-- beforeMethod -->
        <test-method status="PASS" signature="UI_StaffHomePage()[pri:0, instance:edu.itu.bridge.tests.ui.staff.UI_NewStaffViewPage@4839e5b5]" name="UI_StaffHomePage" duration-ms="3839" started-at="2015-02-05T13:22:30Z" finished-at="2015-02-05T13:22:34Z">
          <reporter-output>
          </reporter-output>
        </test-method> <!-- UI_StaffHomePage -->
        <test-method status="PASS" signature="afterMethod()[pri:0, instance:edu.itu.bridge.tests.ui.staff.UI_NewStaffViewPage@4839e5b5]" name="afterMethod" is-config="true" duration-ms="106" started-at="2015-02-05T13:22:34Z" finished-at="2015-02-05T13:22:34Z">
          <reporter-output>
          </reporter-output>
        </test-method> <!-- afterMethod -->
        <test-method status="PASS" signature="beforeMethod()[pri:0, instance:edu.itu.bridge.tests.ui.staff.UI_NewStaffViewPage@4839e5b5]" name="beforeMethod" is-config="true" duration-ms="1955" started-at="2015-02-05T13:22:34Z" finished-at="2015-02-05T13:22:36Z">
          <reporter-output>
          </reporter-output>
        </test-method> <!-- beforeMethod -->
        <test-method status="PASS" signature="UI_StaffJobsPage()[pri:0, instance:edu.itu.bridge.tests.ui.staff.UI_NewStaffViewPage@4839e5b5]" name="UI_StaffJobsPage" duration-ms="3452" started-at="2015-02-05T13:22:36Z" finished-at="2015-02-05T13:22:39Z">
          <reporter-output>
          </reporter-output>
        </test-method> <!-- UI_StaffJobsPage -->
        <test-method status="PASS" signature="afterMethod()[pri:0, instance:edu.itu.bridge.tests.ui.staff.UI_NewStaffViewPage@4839e5b5]" name="afterMethod" is-config="true" duration-ms="244" started-at="2015-02-05T13:22:39Z" finished-at="2015-02-05T13:22:40Z">
          <reporter-output>
          </reporter-output>
        </test-method> <!-- afterMethod -->
        <test-method status="PASS" signature="beforeMethod()[pri:0, instance:edu.itu.bridge.tests.ui.staff.UI_NewStaffViewPage@4839e5b5]" name="beforeMethod" is-config="true" duration-ms="20687" started-at="2015-02-05T13:22:40Z" finished-at="2015-02-05T13:23:00Z">
          <reporter-output>
          </reporter-output>
        </test-method> <!-- beforeMethod -->
        <test-method status="PASS" signature="UI_StaffSkillsPage()[pri:0, instance:edu.itu.bridge.tests.ui.staff.UI_NewStaffViewPage@4839e5b5]" name="UI_StaffSkillsPage" duration-ms="1028" started-at="2015-02-05T13:23:00Z" finished-at="2015-02-05T13:23:01Z">
          <reporter-output>
          </reporter-output>
        </test-method> <!-- UI_StaffSkillsPage -->
        <test-method status="PASS" signature="afterMethod()[pri:0, instance:edu.itu.bridge.tests.ui.staff.UI_NewStaffViewPage@4839e5b5]" name="afterMethod" is-config="true" duration-ms="207" started-at="2015-02-05T13:23:01Z" finished-at="2015-02-05T13:23:02Z">
          <reporter-output>
          </reporter-output>
        </test-method> <!-- afterMethod -->
        <test-method status="PASS" signature="beforeMethod()[pri:0, instance:edu.itu.bridge.tests.ui.staff.UI_NewStaffViewPage@4839e5b5]" name="beforeMethod" is-config="true" duration-ms="1920" started-at="2015-02-05T13:23:02Z" finished-at="2015-02-05T13:23:04Z">
          <reporter-output>
          </reporter-output>
        </test-method> <!-- beforeMethod -->
        <test-method status="PASS" signature="UI_StaffUsersPage()[pri:0, instance:edu.itu.bridge.tests.ui.staff.UI_NewStaffViewPage@4839e5b5]" name="UI_StaffUsersPage" duration-ms="1759" started-at="2015-02-05T13:23:04Z" finished-at="2015-02-05T13:23:05Z">
          <reporter-output>
          </reporter-output>
        </test-method> <!-- UI_StaffUsersPage -->
        <test-method status="PASS" signature="afterMethod()[pri:0, instance:edu.itu.bridge.tests.ui.staff.UI_NewStaffViewPage@4839e5b5]" name="afterMethod" is-config="true" duration-ms="199" started-at="2015-02-05T13:23:05Z" finished-at="2015-02-05T13:23:05Z">
          <reporter-output>
          </reporter-output>
        </test-method> <!-- afterMethod -->
        <test-method status="PASS" signature="afterClass()[pri:0, instance:edu.itu.bridge.tests.ui.staff.UI_NewStaffViewPage@4839e5b5]" name="afterClass" is-config="true" duration-ms="625" started-at="2015-02-05T13:23:05Z" finished-at="2015-02-05T13:23:06Z">
          <reporter-output>
          </reporter-output>
        </test-method> <!-- afterClass -->
      </class> <!-- edu.itu.bridge.tests.ui.staff.UI_NewStaffViewPage -->
      <class name="edu.itu.bridge.tests.ui.candidate.UI_CandidatePageTest">
        <test-method status="PASS" signature="beforeClass(org.testng.ITestContext, java.lang.String, java.lang.String, java.lang.String, boolean)[pri:0, instance:edu.itu.bridge.tests.ui.candidate.UI_CandidatePageTest@44d3db51]" name="beforeClass" is-config="true" duration-ms="3612" started-at="2015-02-05T13:21:04Z" finished-at="2015-02-05T13:21:08Z">
          <params>
            <param index="0">
              <value>
                <![CDATA[org.testng.TestRunner@6158dd66]]>
              </value>
            </param>
            <param index="1">
              <value>
                <![CDATA[http://216.38.137.42:4444/wd/hub]]>
              </value>
            </param>
            <param index="2">
              <value>
                <![CDATA[chrome]]>
              </value>
            </param>
            <param index="3">
              <value>
                <![CDATA[http://qa.bridge.itu.edu/]]>
              </value>
            </param>
            <param index="4">
              <value>
                <![CDATA[true]]>
              </value>
            </param>
          </params>
          <reporter-output>
          </reporter-output>
        </test-method> <!-- beforeClass -->
        <test-method status="PASS" signature="beforeMethod()[pri:0, instance:edu.itu.bridge.tests.ui.candidate.UI_CandidatePageTest@44d3db51]" name="beforeMethod" is-config="true" duration-ms="2707" started-at="2015-02-05T13:21:08Z" finished-at="2015-02-05T13:21:10Z">
          <reporter-output>
          </reporter-output>
        </test-method> <!-- beforeMethod -->
        <test-method status="PASS" signature="UI_InterviewsPage()[pri:0, instance:edu.itu.bridge.tests.ui.candidate.UI_CandidatePageTest@44d3db51]" name="UI_InterviewsPage" duration-ms="552" started-at="2015-02-05T13:21:10Z" finished-at="2015-02-05T13:21:11Z">
          <reporter-output>
          </reporter-output>
        </test-method> <!-- UI_InterviewsPage -->
        <test-method status="PASS" signature="afterMethod()[pri:0, instance:edu.itu.bridge.tests.ui.candidate.UI_CandidatePageTest@44d3db51]" name="afterMethod" is-config="true" duration-ms="260" started-at="2015-02-05T13:21:11Z" finished-at="2015-02-05T13:21:11Z">
          <reporter-output>
          </reporter-output>
        </test-method> <!-- afterMethod -->
        <test-method status="PASS" signature="beforeMethod()[pri:0, instance:edu.itu.bridge.tests.ui.candidate.UI_CandidatePageTest@44d3db51]" name="beforeMethod" is-config="true" duration-ms="1900" started-at="2015-02-05T13:21:11Z" finished-at="2015-02-05T13:21:13Z">
          <reporter-output>
          </reporter-output>
        </test-method> <!-- beforeMethod -->
        <test-method status="PASS" signature="UI_VerifyElementsOnSkillsPages()[pri:0, instance:edu.itu.bridge.tests.ui.candidate.UI_CandidatePageTest@44d3db51]" name="UI_VerifyElementsOnSkillsPages" duration-ms="41868" started-at="2015-02-05T13:21:13Z" finished-at="2015-02-05T13:21:55Z">
          <reporter-output>
          </reporter-output>
        </test-method> <!-- UI_VerifyElementsOnSkillsPages -->
        <test-method status="PASS" signature="afterMethod()[pri:0, instance:edu.itu.bridge.tests.ui.candidate.UI_CandidatePageTest@44d3db51]" name="afterMethod" is-config="true" duration-ms="452" started-at="2015-02-05T13:21:55Z" finished-at="2015-02-05T13:21:56Z">
          <reporter-output>
          </reporter-output>
        </test-method> <!-- afterMethod -->
        <test-method status="PASS" signature="beforeMethod()[pri:0, instance:edu.itu.bridge.tests.ui.candidate.UI_CandidatePageTest@44d3db51]" name="beforeMethod" is-config="true" duration-ms="2034" started-at="2015-02-05T13:21:56Z" finished-at="2015-02-05T13:21:58Z">
          <reporter-output>
          </reporter-output>
        </test-method> <!-- beforeMethod -->
        <test-method status="PASS" signature="UI_VerifyEmelentsOnEducationPage()[pri:0, instance:edu.itu.bridge.tests.ui.candidate.UI_CandidatePageTest@44d3db51]" name="UI_VerifyEmelentsOnEducationPage" duration-ms="1926" started-at="2015-02-05T13:21:58Z" finished-at="2015-02-05T13:21:59Z">
          <reporter-output>
          </reporter-output>
        </test-method> <!-- UI_VerifyEmelentsOnEducationPage -->
        <test-method status="PASS" signature="afterMethod()[pri:0, instance:edu.itu.bridge.tests.ui.candidate.UI_CandidatePageTest@44d3db51]" name="afterMethod" is-config="true" duration-ms="380" started-at="2015-02-05T13:21:59Z" finished-at="2015-02-05T13:22:00Z">
          <reporter-output>
          </reporter-output>
        </test-method> <!-- afterMethod -->
        <test-method status="PASS" signature="beforeMethod()[pri:0, instance:edu.itu.bridge.tests.ui.candidate.UI_CandidatePageTest@44d3db51]" name="beforeMethod" is-config="true" duration-ms="1907" started-at="2015-02-05T13:22:00Z" finished-at="2015-02-05T13:22:02Z">
          <reporter-output>
          </reporter-output>
        </test-method> <!-- beforeMethod -->
        <test-method status="PASS" signature="ui_EditProfileInfoTest()[pri:0, instance:edu.itu.bridge.tests.ui.candidate.UI_CandidatePageTest@44d3db51]" name="ui_EditProfileInfoTest" duration-ms="2095" started-at="2015-02-05T13:22:02Z" finished-at="2015-02-05T13:22:04Z">
          <reporter-output>
          </reporter-output>
        </test-method> <!-- ui_EditProfileInfoTest -->
        <test-method status="PASS" signature="afterMethod()[pri:0, instance:edu.itu.bridge.tests.ui.candidate.UI_CandidatePageTest@44d3db51]" name="afterMethod" is-config="true" duration-ms="391" started-at="2015-02-05T13:22:04Z" finished-at="2015-02-05T13:22:04Z">
          <reporter-output>
          </reporter-output>
        </test-method> <!-- afterMethod -->
        <test-method status="PASS" signature="beforeMethod()[pri:0, instance:edu.itu.bridge.tests.ui.candidate.UI_CandidatePageTest@44d3db51]" name="beforeMethod" is-config="true" duration-ms="1982" started-at="2015-02-05T13:22:04Z" finished-at="2015-02-05T13:22:06Z">
          <reporter-output>
          </reporter-output>
        </test-method> <!-- beforeMethod -->
        <test-method status="PASS" signature="ui_ManagePositions()[pri:0, instance:edu.itu.bridge.tests.ui.candidate.UI_CandidatePageTest@44d3db51]" name="ui_ManagePositions" duration-ms="2929" started-at="2015-02-05T13:22:06Z" finished-at="2015-02-05T13:22:09Z">
          <reporter-output>
          </reporter-output>
        </test-method> <!-- ui_ManagePositions -->
        <test-method status="PASS" signature="afterMethod()[pri:0, instance:edu.itu.bridge.tests.ui.candidate.UI_CandidatePageTest@44d3db51]" name="afterMethod" is-config="true" duration-ms="459" started-at="2015-02-05T13:22:09Z" finished-at="2015-02-05T13:22:10Z">
          <reporter-output>
          </reporter-output>
        </test-method> <!-- afterMethod -->
        <test-method status="PASS" signature="beforeMethod()[pri:0, instance:edu.itu.bridge.tests.ui.candidate.UI_CandidatePageTest@44d3db51]" name="beforeMethod" is-config="true" duration-ms="1793" started-at="2015-02-05T13:22:10Z" finished-at="2015-02-05T13:22:11Z">
          <reporter-output>
          </reporter-output>
        </test-method> <!-- beforeMethod -->
        <test-method status="PASS" signature="ui_VerifySupportTicketWindowElementsSignedInTest()[pri:0, instance:edu.itu.bridge.tests.ui.candidate.UI_CandidatePageTest@44d3db51]" name="ui_VerifySupportTicketWindowElementsSignedInTest" duration-ms="2682" started-at="2015-02-05T13:22:11Z" finished-at="2015-02-05T13:22:14Z">
          <reporter-output>
          </reporter-output>
        </test-method> <!-- ui_VerifySupportTicketWindowElementsSignedInTest -->
        <test-method status="PASS" signature="afterMethod()[pri:0, instance:edu.itu.bridge.tests.ui.candidate.UI_CandidatePageTest@44d3db51]" name="afterMethod" is-config="true" duration-ms="438" started-at="2015-02-05T13:22:14Z" finished-at="2015-02-05T13:22:15Z">
          <reporter-output>
          </reporter-output>
        </test-method> <!-- afterMethod -->
        <test-method status="PASS" signature="beforeMethod()[pri:0, instance:edu.itu.bridge.tests.ui.candidate.UI_CandidatePageTest@44d3db51]" name="beforeMethod" is-config="true" duration-ms="1948" started-at="2015-02-05T13:22:15Z" finished-at="2015-02-05T13:22:16Z">
          <reporter-output>
          </reporter-output>
        </test-method> <!-- beforeMethod -->
        <test-method status="PASS" signature="ui_candidatePageUITest()[pri:0, instance:edu.itu.bridge.tests.ui.candidate.UI_CandidatePageTest@44d3db51]" name="ui_candidatePageUITest" duration-ms="2408" started-at="2015-02-05T13:22:16Z" finished-at="2015-02-05T13:22:19Z">
          <reporter-output>
          </reporter-output>
        </test-method> <!-- ui_candidatePageUITest -->
        <test-method status="PASS" signature="afterMethod()[pri:0, instance:edu.itu.bridge.tests.ui.candidate.UI_CandidatePageTest@44d3db51]" name="afterMethod" is-config="true" duration-ms="244" started-at="2015-02-05T13:22:19Z" finished-at="2015-02-05T13:22:19Z">
          <reporter-output>
          </reporter-output>
        </test-method> <!-- afterMethod -->
        <test-method status="PASS" signature="afterClass()[pri:0, instance:edu.itu.bridge.tests.ui.candidate.UI_CandidatePageTest@44d3db51]" name="afterClass" is-config="true" duration-ms="623" started-at="2015-02-05T13:22:19Z" finished-at="2015-02-05T13:22:20Z">
          <reporter-output>
          </reporter-output>
        </test-method> <!-- afterClass -->
      </class> <!-- edu.itu.bridge.tests.ui.candidate.UI_CandidatePageTest -->
    </test> <!-- Full Regression Chrome -->
  </suite> <!-- Bridge Regression Automation Suite -->
</testng-results>
