<?xml version="1.0" encoding="UTF-8"?>
<testsuite name="TestSuite" time="84.353" tests="20" errors="0" skipped="0" failures="0">
  <properties>
[...]
</properties>
  <testcase name="UI_InterviewsPage" classname="edu.itu.bridge.tests.ui.candidate.UI_CandidatePageTest" time="0.552"/>
  <testcase name="UI_VerifyElementsOnSkillsPages" classname="edu.itu.bridge.tests.ui.candidate.UI_CandidatePageTest" time="41.868"/>
  <testcase name="UI_VerifyEmelentsOnEducationPage" classname="edu.itu.bridge.tests.ui.candidate.UI_CandidatePageTest" time="1.926"/>
  <testcase name="ui_EditProfileInfoTest" classname="edu.itu.bridge.tests.ui.candidate.UI_CandidatePageTest" time="2.094"/>
  <testcase name="ui_ManagePositions" classname="edu.itu.bridge.tests.ui.candidate.UI_CandidatePageTest" time="2.929"/>
  <testcase name="ui_VerifySupportTicketWindowElementsSignedInTest" classname="edu.itu.bridge.tests.ui.candidate.UI_CandidatePageTest" time="2.682"/>
  <testcase name="ui_candidatePageUITest" classname="edu.itu.bridge.tests.ui.candidate.UI_CandidatePageTest" time="2.408"/>
  <testcase name="UI_StaffCompaniesPage" classname="edu.itu.bridge.tests.ui.staff.UI_NewStaffViewPage" time="2.214"/>
  <testcase name="UI_StaffHomePage" classname="edu.itu.bridge.tests.ui.staff.UI_NewStaffViewPage" time="3.839"/>
  <testcase name="UI_StaffJobsPage" classname="edu.itu.bridge.tests.ui.staff.UI_NewStaffViewPage" time="3.452"/>
  <testcase name="UI_StaffSkillsPage" classname="edu.itu.bridge.tests.ui.staff.UI_NewStaffViewPage" time="1.028"/>
  <testcase name="UI_StaffUsersPage" classname="edu.itu.bridge.tests.ui.staff.UI_NewStaffViewPage" time="1.759"/>
  <testcase name="ui_CreateSupportTicketNotSignedIn" classname="edu.itu.bridge.tests.ui.title.UIandLinksTitlePageTest" time="3.918"/>
  <testcase name="ui_forgotPasswordFromFooterPageTest" classname="edu.itu.bridge.tests.ui.title.UIandLinksTitlePageTest" time="1.232"/>
  <testcase name="ui_forgotPasswordFromHeaderPageTest" classname="edu.itu.bridge.tests.ui.title.UIandLinksTitlePageTest" time="0.952"/>
  <testcase name="ui_privacyPolicyTest" classname="edu.itu.bridge.tests.ui.title.UIandLinksTitlePageTest" time="6.277"/>
  <testcase name="ui_termsOfServiceTest" classname="edu.itu.bridge.tests.ui.title.UIandLinksTitlePageTest" time="2.347"/>
  <testcase name="ui_titlePageSignInFooterUIonly" classname="edu.itu.bridge.tests.ui.title.UIandLinksTitlePageTest" time="0.719"/>
  <testcase name="ui_titlePageSignInHeaderUIonly" classname="edu.itu.bridge.tests.ui.title.UIandLinksTitlePageTest" time="0.586"/>
  <testcase name="ui_titlePageTest" classname="edu.itu.bridge.tests.ui.title.UIandLinksTitlePageTest" time="1.571"/>
</testsuite>